--------------------
q1 > Test #7

name:        check-equal?
location:    q2-bb.rkt:102:4
expression:  (check-equal? (racket-y (world-racket (world-after-tick (world-after-mouse-event WORLD-RACKET-WITH-3SPEED 335 388 BUTTON-DOWN)))) 384 "Racket should not move when it is selected")
params:      '(381 384)
message:     "Racket should not move when it is selected"
actual:      381
expected:    384
--------------------
--------------------
q1 > Test #8

name:        check-equal?
location:    q2-bb.rkt:115:4
expression:  (check-equal? (racket-y (world-racket (world-after-tick (world-after-mouse-event (world-after-mouse-event (world-after-tick (world-after-mouse-event WORLD-RACKET-WITH-3SPEED 330 384 BUTTON-DOWN)) 200 200 DRAG) 200 200 BUTTON-UP)))) 197 "The racket should start moving once it is released with its old velocity")
params:      '(378 197)
message:     "The racket should start moving once it is released with its old velocity"
actual:      378
expected:    197
--------------------
7 success(es) 2 failure(s) 0 error(s) 9 test(s) run
extras.rkt Wed Sep 14 08:52:19 2016
q2.rkt appears to be in a correctly named folder. Running tests...
Running tests from q2.rkt...
All tests passed (68 tests).
2
